[12:37:42,747 DEBUG][Application 1][o.t.l.Logger.debug] suiteXmlPath: "C:\Users\na21279\AppData\Local\Temp\testng-eclipse--141219917\testng-customsuite.xml"  
[12:37:42,945 INFO][Application 1][o.t.l.Logger.info] [Utils] MethodGroupsHelper.collectMethodsByGroup() took 3 ms.  
[12:37:42,954 INFO][Application 1][o.t.l.Logger.info] [Utils] MethodGroupsHelper.sortMethods() took 7 ms.  
[12:37:42,956 INFO][Application 1][o.t.l.Logger.info] [Utils] MethodGroupsHelper.collectMethodsByGroup() took 0 ms.  
[12:37:42,956 INFO][Application 1][o.t.l.Logger.info] [Utils] MethodGroupsHelper.sortMethods() took 0 ms.  
[12:37:42,958 INFO][Application 1][o.t.l.Logger.info] [Utils] MethodGroupsHelper.collectMethodsByGroup() took 0 ms.  
[12:37:42,958 INFO][Application 1][o.t.l.Logger.info] [Utils] MethodGroupsHelper.sortMethods() took 0 ms.  
[12:37:42,959 INFO][Application 1][o.t.l.Logger.info] [Utils] MethodGroupsHelper.collectMethodsByGroup() took 0 ms.  
[12:37:42,959 INFO][Application 1][o.t.l.Logger.info] [Utils] MethodGroupsHelper.sortMethods() took 0 ms.  
[12:37:42,960 INFO][Application 1][o.t.l.Logger.info] [Utils] MethodGroupsHelper.collectMethodsByGroup() took 0 ms.  
[12:37:42,960 INFO][Application 1][o.t.l.Logger.info] [Utils] MethodGroupsHelper.sortMethods() took 0 ms.  
[12:37:42,962 INFO][Application 1][o.t.l.Logger.info] [Utils] MethodGroupsHelper.collectMethodsByGroup() took 1 ms.  
[12:37:42,963 INFO][Application 1][o.t.l.Logger.info] [Utils] MethodGroupsHelper.sortMethods() took 0 ms.  
[12:37:42,964 INFO][Application 1][o.t.l.Logger.info] [Utils] MethodGroupsHelper.collectMethodsByGroup() took 0 ms.  
[12:37:42,964 INFO][Application 1][o.t.l.Logger.info] [Utils] MethodGroupsHelper.sortMethods() took 0 ms.  
[12:37:42,965 INFO][Application 1][o.t.l.Logger.info] [Utils] MethodGroupsHelper.collectMethodsByGroup() took 0 ms.  
[12:37:42,965 INFO][Application 1][o.t.l.Logger.info] [Utils] MethodGroupsHelper.sortMethods() took 0 ms.  
[12:37:42,966 INFO][Application 1][o.t.l.Logger.info] [Utils] MethodGroupsHelper.collectMethodsByGroup() took 0 ms.  
[12:37:42,967 INFO][Application 1][o.t.l.Logger.info] [Utils] MethodGroupsHelper.sortMethods() took 0 ms.  
[12:37:42,968 INFO][Application 1][o.t.l.Logger.info] [Utils] MethodGroupsHelper.collectMethodsByGroup() took 0 ms.  
[12:37:42,968 INFO][Application 1][o.t.l.Logger.info] [Utils] MethodGroupsHelper.sortMethods() took 0 ms.  
[12:37:42,970 INFO][Application 1][o.t.l.Logger.info] [Utils] MethodGroupsHelper.collectMethodsByGroup() took 0 ms.  
[12:37:42,971 INFO][Application 1][o.t.l.Logger.info] [Utils] MethodGroupsHelper.sortMethods() took 1 ms.  
[12:37:42,971 INFO][Application 1][o.t.l.Logger.info] [Utils] MethodGroupsHelper.collectMethodsByGroup() took 0 ms.  
[12:37:42,971 INFO][Application 1][o.t.l.Logger.info] [Utils] MethodGroupsHelper.sortMethods() took 0 ms.  
[12:37:42,972 INFO][Application 1][o.t.l.Logger.info] [Utils] MethodGroupsHelper.collectMethodsByGroup() took 0 ms.  
[12:37:42,972 INFO][Application 1][o.t.l.Logger.info] [Utils] MethodGroupsHelper.sortMethods() took 0 ms.  
[12:37:42,974 INFO][Application 1][o.t.l.Logger.info] [Utils] MethodGroupsHelper.collectMethodsByGroup() took 0 ms.  
[12:37:42,974 INFO][Application 1][o.t.l.Logger.info] [Utils] MethodGroupsHelper.sortMethods() took 0 ms.  
[12:37:42,974 INFO][Application 1][o.t.l.Logger.info] [Utils] MethodGroupsHelper.collectMethodsByGroup() took 0 ms.  
[12:37:42,975 INFO][Application 1][o.t.l.Logger.info] [Utils] MethodGroupsHelper.sortMethods() took 1 ms.  
[12:37:42,983 INFO][Application 1][o.t.l.Logger.info] [TestNG] Running:
  C:\Users\na21279\AppData\Local\Temp\testng-eclipse--141219917\testng-customsuite.xml
  
[12:37:43,084 INFO][Application 1][o.t.l.Logger.info] [Utils] DynamicGraphHelper.createDynamicGraph() took 3 ms.  
[12:37:43,124 DEBUG][Application 1][i.g.b.w.WebDriverManager.<init>] Using WebDriverManager 5.6.4  
[12:37:43,385 DEBUG][Application 1][i.g.b.w.c.ResolutionCache.checkKeyInResolutionCache] Resolution edge=124 in cache (valid until 12:46:09 25/04/2024 IST)  
[12:37:43,386 DEBUG][Application 1][i.g.b.w.c.ResolutionCache.checkKeyInResolutionCache] Resolution edge124=124.0.2478.51 in cache (valid until 18:17:57 25/04/2024 IST)  
[12:37:43,388 INFO][Application 1][i.g.b.w.WebDriverManager.resolveDriverVersion] Using msedgedriver 124.0.2478.51 (resolved driver for Edge 124)  
[12:37:43,418 DEBUG][Application 1][i.g.b.w.WebDriverManager.manage] Driver msedgedriver 124.0.2478.51 found in cache  
[12:37:43,419 INFO][Application 1][i.g.b.w.WebDriverManager.exportDriver] Exporting webdriver.edge.driver as C:\Users\na21279\.cache\selenium\msedgedriver\win64\124.0.2478.51\msedgedriver.exe  
[12:37:45,708 INFO][Application 1][c.Q.A.T.TestBase.LogInFo] User Enter User Name  
[12:37:45,927 INFO][Application 1][c.Q.A.T.TestBase.LogInFo] User Enter The Password   
[12:37:50,287 INFO][Application 1][c.Q.A.T.TestBase.LogInFo] User Click On Login Page Successfully.   
[12:37:50,311 INFO][Application 1][c.Q.A.T.TestBase.LogInFo] Verification Successful - The User is Login The Application  
[12:37:50,477 INFO][Application 1][c.Q.A.T.TestBase.LogInFo] User Click On Logout Dropdown Button  
[12:37:53,031 INFO][Application 1][c.Q.A.T.TestBase.LogInFo] User click On Logout Button  
[12:37:55,344 INFO][Application 1][c.Q.A.T.TestBase.LogInFo] User Enter User Name  
[12:37:55,552 INFO][Application 1][c.Q.A.T.TestBase.LogInFo] User Enter The Password   
[12:38:49,728 INFO][Application 1][o.t.l.Logger.info] [TestNG] Time taken by org.testng.reporters.jq.Main@578a5ce8: 42 ms  
[12:38:49,739 INFO][Application 1][o.t.l.Logger.info] [TestNG] Time taken by org.testng.reporters.FailedReporter@2dbfa972: 10 ms  
[12:38:49,745 INFO][Application 1][o.t.l.Logger.info] [TestNG] Time taken by org.testng.reporters.XMLReporter@bbb6f0: 6 ms  
[12:38:49,752 INFO][Application 1][o.t.l.Logger.info] [TestNG] Time taken by org.testng.reporters.EmailableReporter2@2dfa02c1: 7 ms  
[12:38:49,759 INFO][Application 1][o.t.l.Logger.info] [TestNG] Time taken by org.testng.reporters.JUnitReportReporter@599f1b7: 5 ms  
[12:38:49,759 INFO][Application 1][o.t.l.Logger.info] [TestNG] Time taken by org.testng.internal.ExitCodeListener@22791b75: 0 ms  
