[15:08:54,850 DEBUG][Application 1][o.t.l.Logger.debug] suiteXmlPath: "C:\Users\na21279\AppData\Local\Temp\testng-eclipse-1710586856\testng-customsuite.xml"  
[15:08:55,072 INFO][Application 1][o.t.l.Logger.info] [Utils] MethodGroupsHelper.collectMethodsByGroup() took 3 ms.  
[15:08:55,081 INFO][Application 1][o.t.l.Logger.info] [Utils] MethodGroupsHelper.sortMethods() took 8 ms.  
[15:08:55,082 INFO][Application 1][o.t.l.Logger.info] [Utils] MethodGroupsHelper.collectMethodsByGroup() took 0 ms.  
[15:08:55,083 INFO][Application 1][o.t.l.Logger.info] [Utils] MethodGroupsHelper.sortMethods() took 0 ms.  
[15:08:55,084 INFO][Application 1][o.t.l.Logger.info] [Utils] MethodGroupsHelper.collectMethodsByGroup() took 0 ms.  
[15:08:55,084 INFO][Application 1][o.t.l.Logger.info] [Utils] MethodGroupsHelper.sortMethods() took 0 ms.  
[15:08:55,085 INFO][Application 1][o.t.l.Logger.info] [Utils] MethodGroupsHelper.collectMethodsByGroup() took 0 ms.  
[15:08:55,085 INFO][Application 1][o.t.l.Logger.info] [Utils] MethodGroupsHelper.sortMethods() took 0 ms.  
[15:08:55,086 INFO][Application 1][o.t.l.Logger.info] [Utils] MethodGroupsHelper.collectMethodsByGroup() took 0 ms.  
[15:08:55,086 INFO][Application 1][o.t.l.Logger.info] [Utils] MethodGroupsHelper.sortMethods() took 0 ms.  
[15:08:55,089 INFO][Application 1][o.t.l.Logger.info] [Utils] MethodGroupsHelper.collectMethodsByGroup() took 2 ms.  
[15:08:55,090 INFO][Application 1][o.t.l.Logger.info] [Utils] MethodGroupsHelper.sortMethods() took 0 ms.  
[15:08:55,092 INFO][Application 1][o.t.l.Logger.info] [Utils] MethodGroupsHelper.collectMethodsByGroup() took 0 ms.  
[15:08:55,092 INFO][Application 1][o.t.l.Logger.info] [Utils] MethodGroupsHelper.sortMethods() took 0 ms.  
[15:08:55,094 INFO][Application 1][o.t.l.Logger.info] [Utils] MethodGroupsHelper.collectMethodsByGroup() took 0 ms.  
[15:08:55,094 INFO][Application 1][o.t.l.Logger.info] [Utils] MethodGroupsHelper.sortMethods() took 0 ms.  
[15:08:55,096 INFO][Application 1][o.t.l.Logger.info] [Utils] MethodGroupsHelper.collectMethodsByGroup() took 0 ms.  
[15:08:55,096 INFO][Application 1][o.t.l.Logger.info] [Utils] MethodGroupsHelper.sortMethods() took 0 ms.  
[15:08:55,097 INFO][Application 1][o.t.l.Logger.info] [Utils] MethodGroupsHelper.collectMethodsByGroup() took 0 ms.  
[15:08:55,098 INFO][Application 1][o.t.l.Logger.info] [Utils] MethodGroupsHelper.sortMethods() took 0 ms.  
[15:08:55,100 INFO][Application 1][o.t.l.Logger.info] [Utils] MethodGroupsHelper.collectMethodsByGroup() took 0 ms.  
[15:08:55,101 INFO][Application 1][o.t.l.Logger.info] [Utils] MethodGroupsHelper.sortMethods() took 0 ms.  
[15:08:55,101 INFO][Application 1][o.t.l.Logger.info] [Utils] MethodGroupsHelper.collectMethodsByGroup() took 0 ms.  
[15:08:55,101 INFO][Application 1][o.t.l.Logger.info] [Utils] MethodGroupsHelper.sortMethods() took 0 ms.  
[15:08:55,103 INFO][Application 1][o.t.l.Logger.info] [Utils] MethodGroupsHelper.collectMethodsByGroup() took 1 ms.  
[15:08:55,103 INFO][Application 1][o.t.l.Logger.info] [Utils] MethodGroupsHelper.sortMethods() took 0 ms.  
[15:08:55,104 INFO][Application 1][o.t.l.Logger.info] [Utils] MethodGroupsHelper.collectMethodsByGroup() took 0 ms.  
[15:08:55,105 INFO][Application 1][o.t.l.Logger.info] [Utils] MethodGroupsHelper.sortMethods() took 1 ms.  
[15:08:55,105 INFO][Application 1][o.t.l.Logger.info] [Utils] MethodGroupsHelper.collectMethodsByGroup() took 0 ms.  
[15:08:55,105 INFO][Application 1][o.t.l.Logger.info] [Utils] MethodGroupsHelper.sortMethods() took 0 ms.  
[15:08:55,112 INFO][Application 1][o.t.l.Logger.info] [TestNG] Running:
  C:\Users\na21279\AppData\Local\Temp\testng-eclipse-1710586856\testng-customsuite.xml
  
[15:08:55,208 INFO][Application 1][o.t.l.Logger.info] [Utils] DynamicGraphHelper.createDynamicGraph() took 4 ms.  
[15:08:55,244 DEBUG][Application 1][i.g.b.w.WebDriverManager.<init>] Using WebDriverManager 5.6.4  
[15:08:55,496 DEBUG][Application 1][i.g.b.w.c.ResolutionCache.checkValidity] Removing resolution chrome=124 from cache (expired on 2024-04-24T19:08:01.000+0530)  
[15:08:55,518 DEBUG][Application 1][o.a.h.c.h.i.c.InternalHttpClient.doExecute] ex-0000000001 preparing request execution  
[15:08:55,531 DEBUG][Application 1][o.a.h.c.h.i.c.ProtocolExec.execute] ex-0000000001 target auth state: UNCHALLENGED  
[15:08:55,531 DEBUG][Application 1][o.a.h.c.h.i.c.ProtocolExec.execute] ex-0000000001 proxy auth state: UNCHALLENGED  
[15:08:55,532 DEBUG][Application 1][o.a.h.c.h.i.c.ConnectExec.execute] ex-0000000001 acquiring connection with route {s}->https://raw.githubusercontent.com:443  
[15:08:55,532 DEBUG][Application 1][o.a.h.c.h.i.c.InternalExecRuntime.acquireEndpoint] ex-0000000001 acquiring endpoint (3 MINUTES)  
[15:08:55,535 DEBUG][Application 1][o.a.h.c.h.i.i.PoolingHttpClientConnectionManager.lease] ex-0000000001 endpoint lease request (3 MINUTES) [route: {s}->https://raw.githubusercontent.com:443][total available: 0; route allocated: 0 of 5; total allocated: 0 of 25]  
[15:08:55,539 DEBUG][Application 1][o.a.h.c.h.i.i.PoolingHttpClientConnectionManager$3.get] ex-0000000001 endpoint leased [route: {s}->https://raw.githubusercontent.com:443][total available: 0; route allocated: 1 of 5; total allocated: 1 of 25]  
[15:08:55,551 DEBUG][Application 1][o.a.h.c.h.i.i.PoolingHttpClientConnectionManager$3.get] ex-0000000001 acquired ep-0000000001  
[15:08:55,551 DEBUG][Application 1][o.a.h.c.h.i.c.InternalExecRuntime.acquireEndpoint] ex-0000000001 acquired endpoint ep-0000000001  
[15:08:55,551 DEBUG][Application 1][o.a.h.c.h.i.c.ConnectExec.execute] ex-0000000001 opening connection {s}->https://raw.githubusercontent.com:443  
[15:08:55,552 DEBUG][Application 1][o.a.h.c.h.i.c.InternalExecRuntime.connectEndpoint] ep-0000000001 connecting endpoint (null)  
[15:08:55,556 DEBUG][Application 1][o.a.h.c.h.i.i.PoolingHttpClientConnectionManager.connect] ep-0000000001 connecting endpoint to https://raw.githubusercontent.com:443 (30 SECONDS)  
[15:08:55,556 DEBUG][Application 1][o.a.h.c.h.i.i.DefaultHttpClientConnectionOperator.connect] raw.githubusercontent.com resolving remote address  
[15:08:55,565 DEBUG][Application 1][o.a.h.c.h.i.i.DefaultHttpClientConnectionOperator.connect] raw.githubusercontent.com resolved to [raw.githubusercontent.com/185.199.109.133, raw.githubusercontent.com/185.199.110.133, raw.githubusercontent.com/185.199.108.133, raw.githubusercontent.com/185.199.111.133]  
[15:08:55,568 DEBUG][Application 1][o.a.h.c.h.i.i.DefaultHttpClientConnectionOperator.connect] raw.githubusercontent.com:443 connecting null->raw.githubusercontent.com/185.199.109.133:443 (30 SECONDS)  
[15:08:55,569 DEBUG][Application 1][o.a.h.c.h.s.SSLConnectionSocketFactory.connectSocket] Connecting socket to raw.githubusercontent.com/185.199.109.133:443 with timeout 30 SECONDS  
[15:08:55,634 DEBUG][Application 1][o.a.h.c.h.s.SSLConnectionSocketFactory.executeHandshake] Enabled protocols: [TLSv1.3, TLSv1.2]  
[15:08:55,634 DEBUG][Application 1][o.a.h.c.h.s.SSLConnectionSocketFactory.executeHandshake] Enabled cipher suites: [TLS_AES_256_GCM_SHA384, TLS_AES_128_GCM_SHA256, TLS_CHACHA20_POLY1305_SHA256, TLS_ECDHE_ECDSA_WITH_AES_256_GCM_SHA384, TLS_ECDHE_ECDSA_WITH_AES_128_GCM_SHA256, TLS_ECDHE_ECDSA_WITH_CHACHA20_POLY1305_SHA256, TLS_ECDHE_RSA_WITH_AES_256_GCM_SHA384, TLS_ECDHE_RSA_WITH_CHACHA20_POLY1305_SHA256, TLS_ECDHE_RSA_WITH_AES_128_GCM_SHA256, TLS_DHE_RSA_WITH_AES_256_GCM_SHA384, TLS_DHE_RSA_WITH_CHACHA20_POLY1305_SHA256, TLS_DHE_DSS_WITH_AES_256_GCM_SHA384, TLS_DHE_RSA_WITH_AES_128_GCM_SHA256, TLS_DHE_DSS_WITH_AES_128_GCM_SHA256, TLS_ECDHE_ECDSA_WITH_AES_256_CBC_SHA384, TLS_ECDHE_RSA_WITH_AES_256_CBC_SHA384, TLS_ECDHE_ECDSA_WITH_AES_128_CBC_SHA256, TLS_ECDHE_RSA_WITH_AES_128_CBC_SHA256, TLS_DHE_RSA_WITH_AES_256_CBC_SHA256, TLS_DHE_DSS_WITH_AES_256_CBC_SHA256, TLS_DHE_RSA_WITH_AES_128_CBC_SHA256, TLS_DHE_DSS_WITH_AES_128_CBC_SHA256, TLS_ECDH_ECDSA_WITH_AES_256_GCM_SHA384, TLS_ECDH_RSA_WITH_AES_256_GCM_SHA384, TLS_ECDH_ECDSA_WITH_AES_128_GCM_SHA256, TLS_ECDH_RSA_WITH_AES_128_GCM_SHA256, TLS_ECDH_ECDSA_WITH_AES_256_CBC_SHA384, TLS_ECDH_RSA_WITH_AES_256_CBC_SHA384, TLS_ECDH_ECDSA_WITH_AES_128_CBC_SHA256, TLS_ECDH_RSA_WITH_AES_128_CBC_SHA256, TLS_ECDHE_ECDSA_WITH_AES_256_CBC_SHA, TLS_ECDHE_RSA_WITH_AES_256_CBC_SHA, TLS_ECDHE_ECDSA_WITH_AES_128_CBC_SHA, TLS_ECDHE_RSA_WITH_AES_128_CBC_SHA, TLS_DHE_RSA_WITH_AES_256_CBC_SHA, TLS_DHE_DSS_WITH_AES_256_CBC_SHA, TLS_DHE_RSA_WITH_AES_128_CBC_SHA, TLS_DHE_DSS_WITH_AES_128_CBC_SHA, TLS_ECDH_ECDSA_WITH_AES_256_CBC_SHA, TLS_ECDH_RSA_WITH_AES_256_CBC_SHA, TLS_ECDH_ECDSA_WITH_AES_128_CBC_SHA, TLS_ECDH_RSA_WITH_AES_128_CBC_SHA, TLS_RSA_WITH_AES_256_GCM_SHA384, TLS_RSA_WITH_AES_128_GCM_SHA256, TLS_RSA_WITH_AES_256_CBC_SHA256, TLS_RSA_WITH_AES_128_CBC_SHA256, TLS_RSA_WITH_AES_256_CBC_SHA, TLS_RSA_WITH_AES_128_CBC_SHA, TLS_EMPTY_RENEGOTIATION_INFO_SCSV]  
[15:08:55,635 DEBUG][Application 1][o.a.h.c.h.s.SSLConnectionSocketFactory.executeHandshake] Starting handshake (null)  
[15:08:55,740 DEBUG][Application 1][o.a.h.c.h.s.TlsSessionValidator.verifySession] Secure session established  
[15:08:55,740 DEBUG][Application 1][o.a.h.c.h.s.TlsSessionValidator.verifySession]  negotiated protocol: TLSv1.3  
[15:08:55,740 DEBUG][Application 1][o.a.h.c.h.s.TlsSessionValidator.verifySession]  negotiated cipher suite: TLS_AES_128_GCM_SHA256  
[15:08:55,740 DEBUG][Application 1][o.a.h.c.h.s.TlsSessionValidator.verifySession]  peer principal: CN=*.github.io, O="GitHub, Inc.", L=San Francisco, ST=California, C=US  
[15:08:55,742 DEBUG][Application 1][o.a.h.c.h.s.TlsSessionValidator.verifySession]  peer alternative names: [*.github.io, github.io, githubusercontent.com, www.github.com, *.github.com, *.githubusercontent.com, github.com]  
[15:08:55,742 DEBUG][Application 1][o.a.h.c.h.s.TlsSessionValidator.verifySession]  issuer principal: CN=DigiCert Global G2 TLS RSA SHA256 2020 CA1, O=DigiCert Inc, C=US  
[15:08:55,743 DEBUG][Application 1][o.a.h.c.h.i.i.DefaultManagedHttpClientConnection.setSocketTimeout] http-outgoing-0 set socket timeout to 3 MINUTES  
[15:08:55,744 DEBUG][Application 1][o.a.h.c.h.i.i.DefaultHttpClientConnectionOperator.connect] raw.githubusercontent.com:443 connected null->raw.githubusercontent.com/185.199.109.133:443 as http-outgoing-0  
[15:08:55,744 DEBUG][Application 1][o.a.h.c.h.i.i.PoolingHttpClientConnectionManager.connect] ep-0000000001 connected http-outgoing-0  
[15:08:55,744 DEBUG][Application 1][o.a.h.c.h.i.c.InternalExecRuntime.connectEndpoint] ep-0000000001 endpoint connected  
[15:08:55,745 DEBUG][Application 1][o.a.h.c.h.i.c.MainClientExec.execute] ex-0000000001 executing GET /bonigarcia/webdrivermanager/master/src/main/resources/commands.properties HTTP/1.1  
[15:08:55,745 DEBUG][Application 1][o.a.h.c.h.p.RequestAddCookies.process] ex-0000000001 Cookie spec selected: strict  
[15:08:55,750 DEBUG][Application 1][o.a.h.c.h.i.c.InternalExecRuntime.execute] ep-0000000001 start execution ex-0000000001  
[15:08:55,750 DEBUG][Application 1][o.a.h.c.h.i.i.PoolingHttpClientConnectionManager$InternalConnectionEndpoint.execute] ep-0000000001 executing exchange ex-0000000001 over http-outgoing-0  
[15:08:55,751 DEBUG][Application 1][o.a.h.c.h.i.i.DefaultManagedHttpClientConnection.onRequestSubmitted] http-outgoing-0 >> GET /bonigarcia/webdrivermanager/master/src/main/resources/commands.properties HTTP/1.1  
[15:08:55,751 DEBUG][Application 1][o.a.h.c.h.i.i.DefaultManagedHttpClientConnection.onRequestSubmitted] http-outgoing-0 >> user-agent: Apache-HttpClient/5.0  
[15:08:55,751 DEBUG][Application 1][o.a.h.c.h.i.i.DefaultManagedHttpClientConnection.onRequestSubmitted] http-outgoing-0 >> accept-encoding: gzip, deflate, br  
[15:08:55,751 DEBUG][Application 1][o.a.h.c.h.i.i.DefaultManagedHttpClientConnection.onRequestSubmitted] http-outgoing-0 >> cache-control: max-age=0  
[15:08:55,751 DEBUG][Application 1][o.a.h.c.h.i.i.DefaultManagedHttpClientConnection.onRequestSubmitted] http-outgoing-0 >> connection: keep-alive  
[15:08:55,751 DEBUG][Application 1][o.a.h.c.h.i.i.DefaultManagedHttpClientConnection.onRequestSubmitted] http-outgoing-0 >> Host: raw.githubusercontent.com  
[15:08:55,752 DEBUG][Application 1][o.a.h.c.h.i.Wire.wire] http-outgoing-0 >> "GET /bonigarcia/webdrivermanager/master/src/main/resources/commands.properties HTTP/1.1[\r][\n]"  
[15:08:55,752 DEBUG][Application 1][o.a.h.c.h.i.Wire.wire] http-outgoing-0 >> "user-agent: Apache-HttpClient/5.0[\r][\n]"  
[15:08:55,752 DEBUG][Application 1][o.a.h.c.h.i.Wire.wire] http-outgoing-0 >> "accept-encoding: gzip, deflate, br[\r][\n]"  
[15:08:55,752 DEBUG][Application 1][o.a.h.c.h.i.Wire.wire] http-outgoing-0 >> "cache-control: max-age=0[\r][\n]"  
[15:08:55,752 DEBUG][Application 1][o.a.h.c.h.i.Wire.wire] http-outgoing-0 >> "connection: keep-alive[\r][\n]"  
[15:08:55,752 DEBUG][Application 1][o.a.h.c.h.i.Wire.wire] http-outgoing-0 >> "Host: raw.githubusercontent.com[\r][\n]"  
[15:08:55,753 DEBUG][Application 1][o.a.h.c.h.i.Wire.wire] http-outgoing-0 >> "[\r][\n]"  
[15:08:55,771 DEBUG][Application 1][o.a.h.c.h.i.Wire.wire] http-outgoing-0 << "HTTP/1.1 200 OK[\r][\n]"  
[15:08:55,773 DEBUG][Application 1][o.a.h.c.h.i.Wire.wire] http-outgoing-0 << "Connection: keep-alive[\r][\n]"  
[15:08:55,773 DEBUG][Application 1][o.a.h.c.h.i.Wire.wire] http-outgoing-0 << "Content-Length: 745[\r][\n]"  
[15:08:55,774 DEBUG][Application 1][o.a.h.c.h.i.Wire.wire] http-outgoing-0 << "Cache-Control: max-age=300[\r][\n]"  
[15:08:55,774 DEBUG][Application 1][o.a.h.c.h.i.Wire.wire] http-outgoing-0 << "Content-Security-Policy: default-src 'none'; style-src 'unsafe-inline'; sandbox[\r][\n]"  
[15:08:55,775 DEBUG][Application 1][o.a.h.c.h.i.Wire.wire] http-outgoing-0 << "Content-Type: text/plain; charset=utf-8[\r][\n]"  
[15:08:55,776 DEBUG][Application 1][o.a.h.c.h.i.Wire.wire] http-outgoing-0 << "ETag: W/"dd41edff335272162022217759820159dac501cff56850e2510f504462cd9b5f"[\r][\n]"  
[15:08:55,777 DEBUG][Application 1][o.a.h.c.h.i.Wire.wire] http-outgoing-0 << "Strict-Transport-Security: max-age=31536000[\r][\n]"  
[15:08:55,779 DEBUG][Application 1][o.a.h.c.h.i.Wire.wire] http-outgoing-0 << "X-Content-Type-Options: nosniff[\r][\n]"  
[15:08:55,781 DEBUG][Application 1][o.a.h.c.h.i.Wire.wire] http-outgoing-0 << "X-Frame-Options: deny[\r][\n]"  
[15:08:55,781 DEBUG][Application 1][o.a.h.c.h.i.Wire.wire] http-outgoing-0 << "X-XSS-Protection: 1; mode=block[\r][\n]"  
[15:08:55,782 DEBUG][Application 1][o.a.h.c.h.i.Wire.wire] http-outgoing-0 << "X-GitHub-Request-Id: 317E:980E:D7134:128EFC:6611D2EB[\r][\n]"  
[15:08:55,783 DEBUG][Application 1][o.a.h.c.h.i.Wire.wire] http-outgoing-0 << "Content-Encoding: gzip[\r][\n]"  
[15:08:55,784 DEBUG][Application 1][o.a.h.c.h.i.Wire.wire] http-outgoing-0 << "Accept-Ranges: bytes[\r][\n]"  
[15:08:55,785 DEBUG][Application 1][o.a.h.c.h.i.Wire.wire] http-outgoing-0 << "Date: Thu, 25 Apr 2024 09:38:21 GMT[\r][\n]"  
[15:08:55,786 DEBUG][Application 1][o.a.h.c.h.i.Wire.wire] http-outgoing-0 << "Via: 1.1 varnish[\r][\n]"  
[15:08:55,787 DEBUG][Application 1][o.a.h.c.h.i.Wire.wire] http-outgoing-0 << "X-Served-By: cache-maa10240-MAA[\r][\n]"  
[15:08:55,787 DEBUG][Application 1][o.a.h.c.h.i.Wire.wire] http-outgoing-0 << "X-Cache: HIT[\r][\n]"  
[15:08:55,788 DEBUG][Application 1][o.a.h.c.h.i.Wire.wire] http-outgoing-0 << "X-Cache-Hits: 2[\r][\n]"  
[15:08:55,789 DEBUG][Application 1][o.a.h.c.h.i.Wire.wire] http-outgoing-0 << "X-Timer: S1714037902.891708,VS0,VE0[\r][\n]"  
[15:08:55,789 DEBUG][Application 1][o.a.h.c.h.i.Wire.wire] http-outgoing-0 << "Vary: Authorization,Accept-Encoding,Origin[\r][\n]"  
[15:08:55,790 DEBUG][Application 1][o.a.h.c.h.i.Wire.wire] http-outgoing-0 << "Access-Control-Allow-Origin: *[\r][\n]"  
[15:08:55,791 DEBUG][Application 1][o.a.h.c.h.i.Wire.wire] http-outgoing-0 << "Cross-Origin-Resource-Policy: cross-origin[\r][\n]"  
[15:08:55,793 DEBUG][Application 1][o.a.h.c.h.i.Wire.wire] http-outgoing-0 << "X-Fastly-Request-ID: 4df03a6f7e2141cdc3d81f1eb424d9e6edb983e5[\r][\n]"  
[15:08:55,794 DEBUG][Application 1][o.a.h.c.h.i.Wire.wire] http-outgoing-0 << "Expires: Thu, 25 Apr 2024 09:43:21 GMT[\r][\n]"  
[15:08:55,796 DEBUG][Application 1][o.a.h.c.h.i.Wire.wire] http-outgoing-0 << "Source-Age: 43[\r][\n]"  
[15:08:55,797 DEBUG][Application 1][o.a.h.c.h.i.Wire.wire] http-outgoing-0 << "[\r][\n]"  
[15:08:55,805 DEBUG][Application 1][o.a.h.c.h.i.i.DefaultManagedHttpClientConnection.onResponseReceived] http-outgoing-0 << HTTP/1.1 200 OK  
[15:08:55,806 DEBUG][Application 1][o.a.h.c.h.i.i.DefaultManagedHttpClientConnection.onResponseReceived] http-outgoing-0 << Connection: keep-alive  
[15:08:55,807 DEBUG][Application 1][o.a.h.c.h.i.i.DefaultManagedHttpClientConnection.onResponseReceived] http-outgoing-0 << Content-Length: 745  
[15:08:55,808 DEBUG][Application 1][o.a.h.c.h.i.i.DefaultManagedHttpClientConnection.onResponseReceived] http-outgoing-0 << Cache-Control: max-age=300  
[15:08:55,808 DEBUG][Application 1][o.a.h.c.h.i.i.DefaultManagedHttpClientConnection.onResponseReceived] http-outgoing-0 << Content-Security-Policy: default-src 'none'; style-src 'unsafe-inline'; sandbox  
[15:08:55,809 DEBUG][Application 1][o.a.h.c.h.i.i.DefaultManagedHttpClientConnection.onResponseReceived] http-outgoing-0 << Content-Type: text/plain; charset=utf-8  
[15:08:55,810 DEBUG][Application 1][o.a.h.c.h.i.i.DefaultManagedHttpClientConnection.onResponseReceived] http-outgoing-0 << ETag: W/"dd41edff335272162022217759820159dac501cff56850e2510f504462cd9b5f"  
[15:08:55,810 DEBUG][Application 1][o.a.h.c.h.i.i.DefaultManagedHttpClientConnection.onResponseReceived] http-outgoing-0 << Strict-Transport-Security: max-age=31536000  
[15:08:55,811 DEBUG][Application 1][o.a.h.c.h.i.i.DefaultManagedHttpClientConnection.onResponseReceived] http-outgoing-0 << X-Content-Type-Options: nosniff  
[15:08:55,812 DEBUG][Application 1][o.a.h.c.h.i.i.DefaultManagedHttpClientConnection.onResponseReceived] http-outgoing-0 << X-Frame-Options: deny  
[15:08:55,812 DEBUG][Application 1][o.a.h.c.h.i.i.DefaultManagedHttpClientConnection.onResponseReceived] http-outgoing-0 << X-XSS-Protection: 1; mode=block  
[15:08:55,814 DEBUG][Application 1][o.a.h.c.h.i.i.DefaultManagedHttpClientConnection.onResponseReceived] http-outgoing-0 << X-GitHub-Request-Id: 317E:980E:D7134:128EFC:6611D2EB  
[15:08:55,814 DEBUG][Application 1][o.a.h.c.h.i.i.DefaultManagedHttpClientConnection.onResponseReceived] http-outgoing-0 << Content-Encoding: gzip  
[15:08:55,815 DEBUG][Application 1][o.a.h.c.h.i.i.DefaultManagedHttpClientConnection.onResponseReceived] http-outgoing-0 << Accept-Ranges: bytes  
[15:08:55,816 DEBUG][Application 1][o.a.h.c.h.i.i.DefaultManagedHttpClientConnection.onResponseReceived] http-outgoing-0 << Date: Thu, 25 Apr 2024 09:38:21 GMT  
[15:08:55,816 DEBUG][Application 1][o.a.h.c.h.i.i.DefaultManagedHttpClientConnection.onResponseReceived] http-outgoing-0 << Via: 1.1 varnish  
[15:08:55,817 DEBUG][Application 1][o.a.h.c.h.i.i.DefaultManagedHttpClientConnection.onResponseReceived] http-outgoing-0 << X-Served-By: cache-maa10240-MAA  
[15:08:55,818 DEBUG][Application 1][o.a.h.c.h.i.i.DefaultManagedHttpClientConnection.onResponseReceived] http-outgoing-0 << X-Cache: HIT  
[15:08:55,818 DEBUG][Application 1][o.a.h.c.h.i.i.DefaultManagedHttpClientConnection.onResponseReceived] http-outgoing-0 << X-Cache-Hits: 2  
[15:08:55,818 DEBUG][Application 1][o.a.h.c.h.i.i.DefaultManagedHttpClientConnection.onResponseReceived] http-outgoing-0 << X-Timer: S1714037902.891708,VS0,VE0  
[15:08:55,819 DEBUG][Application 1][o.a.h.c.h.i.i.DefaultManagedHttpClientConnection.onResponseReceived] http-outgoing-0 << Vary: Authorization,Accept-Encoding,Origin  
[15:08:55,819 DEBUG][Application 1][o.a.h.c.h.i.i.DefaultManagedHttpClientConnection.onResponseReceived] http-outgoing-0 << Access-Control-Allow-Origin: *  
[15:08:55,819 DEBUG][Application 1][o.a.h.c.h.i.i.DefaultManagedHttpClientConnection.onResponseReceived] http-outgoing-0 << Cross-Origin-Resource-Policy: cross-origin  
[15:08:55,820 DEBUG][Application 1][o.a.h.c.h.i.i.DefaultManagedHttpClientConnection.onResponseReceived] http-outgoing-0 << X-Fastly-Request-ID: 4df03a6f7e2141cdc3d81f1eb424d9e6edb983e5  
[15:08:55,820 DEBUG][Application 1][o.a.h.c.h.i.i.DefaultManagedHttpClientConnection.onResponseReceived] http-outgoing-0 << Expires: Thu, 25 Apr 2024 09:43:21 GMT  
[15:08:55,821 DEBUG][Application 1][o.a.h.c.h.i.i.DefaultManagedHttpClientConnection.onResponseReceived] http-outgoing-0 << Source-Age: 43  
[15:08:55,826 DEBUG][Application 1][o.a.h.c.h.i.c.MainClientExec.execute] ex-0000000001 connection can be kept alive for 3 MINUTES  
[15:08:55,848 DEBUG][Application 1][o.a.h.c.h.i.Wire.wire] http-outgoing-0 << "[0x1f][0xffffff8b][0x8][0x0][0x0][0x0][0x0][0x0][0x0][0x3][0xffffffb5]W]o[0xffffffda]0[0x14]}[0xffffffe7]W\QUj% [0x1b][0xffffffad][0xffffffa6]i[0x12][0xf]4c[0xffffffdd]4*[0x18][0xffffffb4][0xffffffdd]&[0xfffffff9][0xffffffc5]$N[0xffffffb0][0xffffff94][0xffffffd8][0xffffffc8]NJ[0xffffffb7]_?[0xffffffdb][0xfffffff9]X[0xffffff92]:[0xffffffa3]k[0xffffffe8][0x1b][0xffffffb6][0xffffffef]=[0xffffffe7][0xffffffd8][0xfffffff7][0xffffffe4][0xffffffda][0xffffff9c][0xffffff80][0xffffffcb][0xffffffe3][0x18]3_[0xffffff82][0xffffff8f][0x13][0xffffffbc][0xffffffc1][0xffffff92][0xfffffff4]N[0xffffffe0]vK%[0x4]4"[0xffffffe0]q[0xffffff96]`[0xffffffca]$$[=[0xffffffc8]C[0x13][0xe][0x1b][0x2][0xffffffe4][0xffffff91]xiB|[0xffffffa0][0xffffffcc],[0xffffffcb]-[0xffffff89]"=[0xffffffe0][0xffffffc2]'B[0x7][0xfffffff9]$!^b[0x16][0x1f][0xffffff88][0xffffff90][0xffffff94][0xffffffab][0xffffffb5][0x0][0xffffff88][0xfffffffa][0x1d][\n]"  
[15:08:55,849 DEBUG][Application 1][o.a.h.c.h.i.Wire.wire] http-outgoing-0 << "B[0x18]l[0x4][0xffffffdf]K[0xffffffb5][0xffffffa0]([0xffffffcf][0xffffffdc][0xffffffad][0xffffffe0]1[0x19][0xffffffc0]'*H[0xffffffc0][0x1f][0x7][0xffffffb0][0xffffffd8][0x11][0xffffff81][0x7]0[0xfffffff3]C5kVi[0x1a][0xffffff9f]k|[0xffffff9f][0x6][0x1][0x11][0xffffff84]%[0xffffffc0]uLBY[0x8][0xfffffff2][0xffffff97]LH,[0xffffffe1][0xffffffec];e[0xffffffbe]B[0x1d][0xffffffc0][0xffffff9c][0xffffffb2]T[0xffffffc1][0xffffffdc]`[0xf][0x16][0xffffffeb][0xfffffff3][0xffffff9e][0xffffffe2][0xffffffc8](z[0xfffffff9]6F[0xffffff9e][0x19][0xffffff8e][0xfffffff6]Y[0xffffffc2][0xffffffe8][0xffffffcd][0xffffffdb][0xffffff89][0x17][0xfffffffb]#[0xffffffb5]+p\[0xffffffd8][0xffffffc7][0xffffffd4]3Gb[0xffffff8e]a[0xffffffbf]U|[0xffffffc0]pL&[0xfffffffd][0xffffffd3][0xffffffe5]jq[0xffffffbd][0xffffff9a][0xffffffde]|[0xfffffffa]2[0xffffff9f][0xffffffad]?[0xffffffa0][0x9]B[0xffffffa7][0x8]]s[0x1e]F[0x4][0xffffffa1][0xffffff8c][0x2][0xffffffa1][0xffffffe9]n[0x17]QOI[0xffffffe3][0xc][0xffffffa1][0xffffff9c]H![0xfffffff7]!$[0x9][0xffffffdc][0xffffffe7]g[0xffffffe1]<[0xffffffe0](m[0xffffffd7]3~[0xffffff81][0xffffff9e][0xffffffb3][0x1f][0xffffffef][0xffffffdf][0xffffff9d][0xffffffbf][0xffffffa6][0xffffffa8][0xffffff8b]g[0xffffff8a][0xffffff9a]/[0xffffffdc][0xffffffe9]|[0xffffffba]\~[0xffffff9c][0xffffffde]N_S[0xffffffcf][0xffffffe5]d5[0xffffffbb][0xffffff86]ow[0xffffffb3][0xffffffd5]O[0xfffffff8][0xfffffffc][0xffffffd5][0xffffffbd]Ck[0x1e]${,H[0xffffffc1][0xffffff96][0xffffff93]][0xffffffcd][0xffffffaf][0x8][0xfffffff6][0xc]^[0xffffffe1][0xffffffc5]^[0x13]4[0xffffffd2][0xffffff8e][0xffffffd1]>pR)[0xffffff9c][\r]eNh0[0xffffff86][0xffffffd9]:[0xc][0xffffff87]E[0xffffffa6]=q<i[0xffffff8b]o&[0xffffffc4][0xffffffd8]3<[0xffffff95][0x13][0xffffff90]N&8w[0xffffffe9][0x8][0xffffffef]v[0xffffff8e][0xffffffab][0xffffffbe]>es[0xffffffe9]([0x13]/[0xffffffd6][0xfffffff5][0xffffff80]*[0xffffffba][0xfffffff2]v[0xfffffffe][0xffffffd9][0xffffff94]DA6>[0xffffff8e][0xffffffbb]o[0xfffffff8]o[0x1a]E[0xffffffb8] A[0xffffffa8]@?T[0xffffffad]'*:{[0xfffffffa]xR.*[0xffffffce][0xffffffe9][0xffffffd7][0xffffffad][0xffffff93][0xffffff93]4[0xffffffc9][0xfffffffa][0xffffffda]<n*t[0xffffffeb][0xffffffb9]oV[0xffffffb6][0xffffffc0]/M[0xffffff94]O[0xffffffc0][0xfffffff0][0xffffffe1]i[0xffffff90][0xffffffb5][0xfffffffe]9[0xffffff8b][0xffffffad][0xfffffff2]U,Ul[0xffffffdd][0x13]KL[0xffffffa2][0x6][0xffffffdd][0xffffffca]\?`[0xffffffea][0x9].[0xffffffd5]I [0xffffffa4]i[0x1a]_i,[\r][0xffffffdd][0xffffffa1][0xffffffc3][0xffffffae]kzI[0xffffffd1]_Q[0xffffffce]Ek[0xffffffcb][0xfffffff8]Kf[0xffffffb8][0xfffffffe][0xffffffd9]3[0xc][0xffffffe6][0xffffffd3][0xffffff8e][0x11][0x17][0x10]C[0x1d]`i[0x19][0xffffffd5][0xffffffbc][0xfffffff1][0xffffffa4]5[0xffffffbc][0x1e]o[0xfffffff5]K[0xffffffa9][0xffffffd6][0xfffffff8][0xffffffc1]f[0xffffff9b]z[0x4][0xffffffd4][0x1a][0xffffff86][0xffffffb9]^K[0x16]s[0xffffff91][0xfffffffe][0xffffffbf][0xffffff8b]l]~)x(p,[0x11]2[0x14][0x8]E8e[0xffffff9e][0xffffffca]:X[0xffffffa6][0xffffff86][0xffffff88].[0xffffffb6]9[0xffffff9a][0xffffff88].[0xfffffff7]]G[0xffffffea][0xffffffcb][0xe][0xfffffffb][0x7f].u[0xffffff83][0xffffffbb][0xfffffff4][0xffffffb3][0x19][0xffffffda][0xffffffec][0xffffff98][0xffffffc5]Y[0xfffffffd]h8m6\4[0xffffffc1][0xffffff8a][0xffffffb7][0xffffff98]z[0xffffffd0][0xffffffd5]oF5q[0x1c][0x13][0x16][0xfffffff0][0x1d][0x1e][0x19]5-[0xffffff9d][0xffffffef][0xffffffad]c[0xb]z[0xffffffae]/m[0xffffffe6]8[0xffffffb6][0xffffff96][0xfffffff6]7X[0xffffffc9]t[0xfffffff8][0xfffffff9][0xffffffa5][0x11]K[0xfffffffb][0x15]3[0xffffffc3][0xfffffffc][0x1f]B[0xffffffdb][0xffffffd3][0xffffffab][0xffffff92]4.[0xffffff93]Z[0xffffffdf]]:[0xffffffda][0xffffffea][0xffffffdc]B[0xffffffa6][0xffffffcd][0xffffffbc][0xffffffae][0x5][0xfffffff5][0x4][0xffffffd6]8[0xffffffc0][0xffffff82][0xffffff96][0xfffffff0][0xffffffd2][0xc][0xffffffed][0xffffffe0]Y[0xffffffa8][\r]:[[0xffffffa9][0x0][0xffffffff][0x1][0xfffffff8][0x15][0xffffffb4][0xffffffee][0xffffff8e][\r][0x0][0x0]"  
[15:08:55,851 DEBUG][Application 1][o.a.h.c.h.i.c.InternalExecRuntime.releaseEndpoint] ep-0000000001 releasing valid endpoint  
[15:08:55,852 DEBUG][Application 1][o.a.h.c.h.i.i.PoolingHttpClientConnectionManager.release] ep-0000000001 releasing endpoint  
[15:08:55,852 DEBUG][Application 1][o.a.h.c.h.i.i.PoolingHttpClientConnectionManager.release] ep-0000000001 connection http-outgoing-0 can be kept alive for 3 MINUTES  
[15:08:55,853 DEBUG][Application 1][o.a.h.c.h.i.i.PoolingHttpClientConnectionManager.release] ep-0000000001 connection released [route: {s}->https://raw.githubusercontent.com:443][total available: 1; route allocated: 1 of 5; total allocated: 1 of 25]  
[15:08:55,853 DEBUG][Application 1][i.g.b.w.v.VersionDetector.getBrowserVersionFromTheShell] Detecting chrome version using online commands.properties  
[15:08:55,858 DEBUG][Application 1][i.g.b.w.v.Shell.runAndWaitArray] Running command on the shell: [cmd.exe, /C, wmic, datafile, where, name="%PROGRAMFILES:\=\\%\\Google\\Chrome\\Application\\chrome.exe", get, Version, /value]  
[15:08:56,004 DEBUG][Application 1][i.g.b.w.v.Shell.runAndWaitArray] Result: Version=124.0.6367.78  
[15:08:56,006 DEBUG][Application 1][i.g.b.w.c.ResolutionCache.checkKeyInResolutionCache] Resolution chrome124=124.0.6367.78 in cache (valid until 15:29:33 25/04/2024 IST)  
[15:08:56,007 INFO][Application 1][i.g.b.w.WebDriverManager.resolveDriverVersion] Using chromedriver 124.0.6367.78 (resolved driver for Chrome 124)  
[15:08:56,010 DEBUG][Application 1][i.g.b.w.c.ResolutionCache.putValueInResolutionCacheIfEmpty] Storing resolution chrome=124 in cache (valid until 16:08:56 25/04/2024 IST)  
[15:08:56,033 DEBUG][Application 1][i.g.b.w.WebDriverManager.manage] Driver chromedriver 124.0.6367.78 found in cache  
[15:08:56,034 INFO][Application 1][i.g.b.w.WebDriverManager.exportDriver] Exporting webdriver.chrome.driver as C:\Users\na21279\.cache\selenium\chromedriver\win64\124.0.6367.78\chromedriver.exe  
[15:08:58,786 INFO][Application 1][c.Q.A.T.TestBase.LogInFo] User Enter User Name  
[15:08:58,995 INFO][Application 1][c.Q.A.T.TestBase.LogInFo] User Enter The Password   
[15:09:03,338 INFO][Application 1][c.Q.A.T.TestBase.LogInFo] User Click On Login Page Successfully.   
[15:09:03,363 INFO][Application 1][c.Q.A.T.TestBase.LogInFo] Verification Successful - The User is Login The Application  
[15:09:03,513 INFO][Application 1][c.Q.A.T.TestBase.LogInFo] User Click On Logout Dropdown Button  
[15:09:05,888 INFO][Application 1][c.Q.A.T.TestBase.LogInFo] User click On Logout Button  
[15:09:08,112 INFO][Application 1][c.Q.A.T.TestBase.LogInFo] User Enter User Name  
[15:09:08,320 INFO][Application 1][c.Q.A.T.TestBase.LogInFo] User Enter The Password   
[15:09:20,181 INFO][Application 1][o.t.l.Logger.info] [TestNG] Time taken by org.testng.reporters.jq.Main@3a2546d6: 69 ms  
[15:09:20,213 INFO][Application 1][o.t.l.Logger.info] [TestNG] Time taken by org.testng.reporters.FailedReporter@4bf4680c: 32 ms  
[15:09:20,229 INFO][Application 1][o.t.l.Logger.info] [TestNG] Time taken by org.testng.reporters.XMLReporter@3f0ce0d1: 15 ms  
[15:09:20,240 INFO][Application 1][o.t.l.Logger.info] [TestNG] Time taken by org.testng.reporters.EmailableReporter2@5618fc1f: 8 ms  
[15:09:20,265 INFO][Application 1][o.t.l.Logger.info] [TestNG] Time taken by org.testng.reporters.JUnitReportReporter@34d9df9f: 25 ms  
[15:09:20,266 INFO][Application 1][o.t.l.Logger.info] [TestNG] Time taken by org.testng.internal.ExitCodeListener@35c8be21: 0 ms  
